<?xml version="1.0" encoding="UTF-8"?>
<testng-results ignored="0" total="1" passed="1" failed="0" skipped="0">
  <reporter-output>
  </reporter-output>
  <suite started-at="2022-09-29T21:20:43 IST" name="Default suite" finished-at="2022-09-29T21:20:43 IST" duration-ms="68">
    <groups>
    </groups>
    <test started-at="2022-09-29T21:20:43 IST" name="Default test" finished-at="2022-09-29T21:20:43 IST" duration-ms="68">
      <class name="TestNGClass">
        <test-method is-config="true" signature="beforeClass()[pri:0, instance:TestNGClass@7f3b84b8]" started-at="2022-09-29T21:20:43 IST" name="beforeClass" finished-at="2022-09-29T21:20:43 IST" duration-ms="8" status="PASS">
          <reporter-output>
          </reporter-output>
        </test-method> <!-- beforeClass -->
        <test-method is-config="true" signature="beforeMethod()[pri:0, instance:TestNGClass@7f3b84b8]" started-at="2022-09-29T21:20:43 IST" name="beforeMethod" finished-at="2022-09-29T21:20:43 IST" duration-ms="0" status="PASS">
          <reporter-output>
          </reporter-output>
        </test-method> <!-- beforeMethod -->
        <test-method signature="test123()[pri:0, instance:TestNGClass@7f3b84b8]" started-at="2022-09-29T21:20:43 IST" name="test123" finished-at="2022-09-29T21:20:43 IST" duration-ms="7" status="PASS">
          <reporter-output>
          </reporter-output>
        </test-method> <!-- test123 -->
      </class> <!-- TestNGClass -->
    </test> <!-- Default test -->
  </suite> <!-- Default suite -->
</testng-results>
